
  .   ____          _            __ _ _
 /\\ / ___'_ __ _ _(_)_ __  __ _ \ \ \ \
( ( )\___ | '_ | '_| | '_ \/ _` | \ \ \ \
 \\/  ___)| |_)| | | | | || (_| |  ) ) ) )
  '  |____| .__|_| |_|_| |_\__, | / / / /
 =========|_|==============|___/=/_/_/_/

 :: Spring Boot ::               (v3.5.10)

2026-03-26T02:30:05.885+08:00  INFO 69248 --- [agricultural] [           main] c.a.a.AgriculturalApplication            : Starting AgriculturalApplication v0.0.1-SNAPSHOT using Java 17.0.9 with PID 69248 (C:\project\±œ“µ…Ëº∆\projectWebAgricultural\agricultural\target\assist-platform-0.0.1-SNAPSHOT.jar started by Administrator in C:\project\±œ“µ…Ëº∆\projectWebAgricultural\agricultural)
2026-03-26T02:30:05.889+08:00  INFO 69248 --- [agricultural] [           main] c.a.a.AgriculturalApplication            : No active profile set, falling back to 1 default profile: "default"
2026-03-26T02:30:05.890+08:00 DEBUG 69248 --- [agricultural] [           main] o.s.boot.SpringApplication               : Loading source class com.agricultural.assistplatform.AgriculturalApplication
2026-03-26T02:30:05.974+08:00 DEBUG 69248 --- [agricultural] [           main] ConfigServletWebServerApplicationContext : Refreshing org.springframework.boot.web.servlet.context.AnnotationConfigServletWebServerApplicationContext@ff684e1
2026-03-26T02:30:07.779+08:00  INFO 69248 --- [agricultural] [           main] .s.d.r.c.RepositoryConfigurationDelegate : Multiple Spring Data modules found, entering strict repository configuration mode
2026-03-26T02:30:07.785+08:00  INFO 69248 --- [agricultural] [           main] .s.d.r.c.RepositoryConfigurationDelegate : Bootstrapping Spring Data Redis repositories in DEFAULT mode.
2026-03-26T02:30:07.835+08:00 DEBUG 69248 --- [agricultural] [           main] o.s.b.a.AutoConfigurationPackages        : @EnableAutoConfiguration was declared on a class in the package 'com.agricultural.assistplatform'. Automatic @Repository and @Entity scanning is enabled.
2026-03-26T02:30:07.855+08:00  INFO 69248 --- [agricultural] [           main] .s.d.r.c.RepositoryConfigurationDelegate : Finished Spring Data repository scanning in 37 ms. Found 0 Redis repository interfaces.
2026-03-26T02:30:09.410+08:00 DEBUG 69248 --- [agricultural] [           main] .s.b.w.e.t.TomcatServletWebServerFactory : Code archive: C:\project\±œ“µ…Ëº∆\projectWebAgricultural\agricultural\target\assist-platform-0.0.1-SNAPSHOT.jar
2026-03-26T02:30:09.411+08:00 DEBUG 69248 --- [agricultural] [           main] .s.b.w.e.t.TomcatServletWebServerFactory : Code archive: C:\project\±œ“µ…Ëº∆\projectWebAgricultural\agricultural\target\assist-platform-0.0.1-SNAPSHOT.jar
2026-03-26T02:30:09.412+08:00 DEBUG 69248 --- [agricultural] [           main] .s.b.w.e.t.TomcatServletWebServerFactory : None of the document roots [src/main/webapp, public, static] point to a directory and will be ignored.
2026-03-26T02:30:09.458+08:00  INFO 69248 --- [agricultural] [           main] o.s.b.w.embedded.tomcat.TomcatWebServer  : Tomcat initialized with port 8080 (http)
2026-03-26T02:30:09.485+08:00  INFO 69248 --- [agricultural] [           main] o.apache.catalina.core.StandardService   : Starting service [Tomcat]
2026-03-26T02:30:09.485+08:00  INFO 69248 --- [agricultural] [           main] o.apache.catalina.core.StandardEngine    : Starting Servlet engine: [Apache Tomcat/10.1.50]
2026-03-26T02:30:09.542+08:00  INFO 69248 --- [agricultural] [           main] o.a.c.c.C.[Tomcat].[localhost].[/api]    : Initializing Spring embedded WebApplicationContext
2026-03-26T02:30:09.543+08:00 DEBUG 69248 --- [agricultural] [           main] w.s.c.ServletWebServerApplicationContext : Published root WebApplicationContext as ServletContext attribute with name [org.springframework.web.context.WebApplicationContext.ROOT]
2026-03-26T02:30:09.546+08:00  INFO 69248 --- [agricultural] [           main] w.s.c.ServletWebServerApplicationContext : Root WebApplicationContext: initialization completed in 3569 ms
2026-03-26T02:30:09.599+08:00 DEBUG 69248 --- [agricultural] [           main] o.s.b.w.s.ServletContextInitializerBeans : Mapping filters: jwtFilterRegistration urls=[/*] order=-2147483648, characterEncodingFilter urls=[/*] order=-2147483648, formContentFilter urls=[/*] order=-9900, requestContextFilter urls=[/*] order=-105
2026-03-26T02:30:09.601+08:00 DEBUG 69248 --- [agricultural] [           main] o.s.b.w.s.ServletContextInitializerBeans : Mapping servlets: dispatcherServlet urls=[/]
2026-03-26T02:30:09.660+08:00 DEBUG 69248 --- [agricultural] [           main] o.s.b.w.s.f.OrderedRequestContextFilter  : Filter 'requestContextFilter' configured for use
2026-03-26T02:30:09.667+08:00 DEBUG 69248 --- [agricultural] [           main] s.b.w.s.f.OrderedCharacterEncodingFilter : Filter 'characterEncodingFilter' configured for use
2026-03-26T02:30:09.668+08:00 DEBUG 69248 --- [agricultural] [           main] o.s.b.w.s.f.OrderedFormContentFilter     : Filter 'formContentFilter' configured for use
Logging initialized using 'class org.apache.ibatis.logging.stdout.StdOutImpl' adapter.
Initialization Sequence datacenterId:1 workerId:2
 _ _   |_  _ _|_. ___ _ |    _ 
| | |\/|_)(_| | |_\  |_)||_|_\ 
     /               |         
                        3.5.5 
